\BOOKMARK [0][-]{section*.1}{\376\377\000C\000o\000n\000t\000e\000n\000t\000s}{}% 1
\BOOKMARK [0][-]{section*.2}{\376\377\000L\000i\000s\000t\000i\000n\000g\000s}{}% 2
\BOOKMARK [0][-]{chapter*.3}{\376\377\000R\000e\000p\000o\000r\000t}{}% 3
\BOOKMARK [1][-]{section.0.1}{\376\377\000L\000e\000x\000i\000c\000a\000l\000\040\000A\000n\000a\000l\000y\000s\000i\000s}{chapter*.3}% 4
\BOOKMARK [2][-]{subsection.0.1.1}{\376\377\000T\000h\000e\000\040\000D\000F\000S\000A}{section.0.1}% 5
\BOOKMARK [3][-]{section*.4}{\376\377\000M\000i\000c\000r\000o\000-\000S\000y\000n\000t\000a\000x\000\040\000\046\000\040\000C\000a\000t\000e\000g\000o\000r\000i\000e\000s}{subsection.0.1.1}% 6
\BOOKMARK [2][-]{subsection.0.1.2}{\376\377\000T\000h\000e\000\040\000D\000i\000r\000e\000c\000t\000o\000r\000\040\000\046\000\040\000B\000u\000i\000l\000d\000e\000r}{section.0.1}% 7
\BOOKMARK [2][-]{subsection.0.1.3}{\376\377\000T\000h\000e\000\040\000A\000c\000t\000u\000a\000l\000\040\000L\000e\000x\000e\000r}{section.0.1}% 8
\BOOKMARK [2][-]{subsection.0.1.4}{\376\377\000H\000o\000o\000k\000i\000n\000g\000\040\000u\000p\000\040\000t\000h\000e\000\040\000L\000e\000x\000e\000r\000\040\000t\000o\000\040\000t\000h\000e\000\040\000R\000u\000n\000n\000e\000r}{section.0.1}% 9
\BOOKMARK [1][-]{section.0.2}{\376\377\000T\000h\000e\000\040\000P\000a\000r\000s\000e\000r}{chapter*.3}% 10
\BOOKMARK [2][-]{subsection.0.2.1}{\376\377\000M\000o\000d\000i\000f\000i\000e\000d\000\040\000E\000B\000N\000F}{section.0.2}% 11
\BOOKMARK [3][-]{section*.17}{\376\377\000I\000m\000p\000r\000o\000v\000e\000d\000\040\000P\000r\000e\000c\000e\000d\000e\000n\000c\000e}{subsection.0.2.1}% 12
\BOOKMARK [3][-]{section*.18}{\376\377\000B\000e\000t\000t\000e\000r\000\040\000A\000r\000r\000a\000y\000s}{subsection.0.2.1}% 13
\BOOKMARK [3][-]{section*.19}{\376\377\000R\000e\000m\000o\000v\000i\000n\000g\000\040\000E\000y\000e\000-\000C\000a\000n\000d\000y}{subsection.0.2.1}% 14
\BOOKMARK [2][-]{subsection.0.2.2}{\376\377\000P\000a\000r\000s\000i\000n\000g\000\040\000\046\000\040\000T\000h\000e\000\040\000A\000b\000s\000t\000r\000a\000c\000t\000\040\000S\000y\000n\000t\000a\000x\000\040\000T\000r\000e\000e\000\040\000\050\000A\000S\000T\000\051}{section.0.2}% 15
\BOOKMARK [2][-]{subsection.0.2.3}{\376\377\000T\000h\000e\000\040\000A\000c\000t\000u\000a\000l\000\040\000P\000a\000r\000s\000e\000r}{section.0.2}% 16
\BOOKMARK [3][-]{section*.20}{\376\377\000T\000o\000k\000e\000n\000\040\000B\000u\000f\000f\000e\000r\000i\000n\000g}{subsection.0.2.3}% 17
\BOOKMARK [3][-]{section*.21}{\376\377\000T\000o\000k\000e\000n\000\040\000M\000a\000t\000c\000h\000i\000n\000g}{subsection.0.2.3}% 18
\BOOKMARK [3][-]{section*.22}{\376\377\000E\000r\000r\000o\000r\000\040\000H\000a\000n\000d\000l\000i\000n\000g\000/\000S\000y\000n\000c\000h\000r\000o\000n\000i\000z\000a\000t\000i\000o\000n}{subsection.0.2.3}% 19
\BOOKMARK [3][-]{section*.23}{\376\377\000A\000S\000T\000\040\000G\000e\000n\000e\000r\000a\000t\000o\000r\000\040\000M\000e\000t\000h\000o\000d\000s}{subsection.0.2.3}% 20
\BOOKMARK [2][-]{subsection.0.2.4}{\376\377\000P\000r\000e\000t\000t\000y\000\040\000P\000r\000i\000n\000t\000i\000n\000g}{section.0.2}% 21
\BOOKMARK [3][-]{section*.24}{\376\377\000U\000s\000i\000n\000g\000\040\000P\000a\000r\000s\000e\000r\000\040\000i\000n\000\040\000t\000h\000e\000\040\000R\000u\000n\000n\000e\000r}{subsection.0.2.4}% 22
\BOOKMARK [1][-]{section.0.3}{\376\377\000S\000e\000m\000a\000n\000t\000i\000c\000\040\000A\000n\000a\000l\000y\000s\000i\000s}{chapter*.3}% 23
\BOOKMARK [2][-]{subsection.0.3.1}{\376\377\000P\000h\000a\000s\000e\000s\000\040\000\046\000\040\000D\000e\000s\000i\000g\000n}{section.0.3}% 24
\BOOKMARK [2][-]{subsection.0.3.2}{\376\377\000T\000h\000e\000\040\000E\000n\000v\000i\000r\000o\000n\000m\000e\000n\000t\000\040\000T\000r\000e\000e}{section.0.3}% 25
\BOOKMARK [2][-]{subsection.0.3.3}{\376\377\000S\000e\000m\000a\000n\000t\000i\000c\000\040\000A\000n\000a\000l\000y\000s\000i\000s}{section.0.3}% 26
\BOOKMARK [2][-]{subsection.0.3.4}{\376\377\000T\000h\000e\000\040\000S\000y\000m\000b\000o\000l\000\040\000T\000y\000p\000e}{section.0.3}% 27
\BOOKMARK [3][-]{section*.30}{\376\377\000S\000y\000m\000b\000o\000l\000\040\000R\000e\000g\000i\000s\000t\000r\000a\000t\000i\000o\000n\000\040\000\046\000\040\000S\000e\000a\000r\000c\000h}{subsection.0.3.4}% 28
\BOOKMARK [2][-]{subsection.0.3.5}{\376\377\000T\000y\000p\000e\000\040\000C\000h\000e\000c\000k\000i\000n\000g}{section.0.3}% 29
\BOOKMARK [3][-]{section*.31}{\376\377\000R\000e\000t\000u\000r\000n\000\040\000V\000a\000l\000i\000d\000a\000t\000i\000o\000n}{subsection.0.3.5}% 30
\BOOKMARK [1][-]{section.0.4}{\376\377\000C\000o\000d\000e\000\040\000G\000e\000n\000e\000r\000a\000t\000i\000o\000n}{chapter*.3}% 31
\BOOKMARK [2][-]{subsection.0.4.1}{\376\377\000P\000a\000s\000s\000i\000n\000g\000\040\000o\000n\000\040\000t\000h\000e\000\040\000E\000n\000v\000i\000r\000o\000n\000m\000e\000n\000t\000\040\000T\000r\000e\000e}{section.0.4}% 32
\BOOKMARK [3][-]{section*.33}{\376\377\000T\000h\000e\000\040\000T\000y\000p\000e\000V\000i\000s\000i\000t\000o\000r\000\040\000C\000l\000a\000s\000s}{subsection.0.4.1}% 33
\BOOKMARK [2][-]{subsection.0.4.2}{\376\377\000R\000e\000o\000r\000d\000e\000r\000i\000n\000g}{section.0.4}% 34
\BOOKMARK [2][-]{subsection.0.4.3}{\376\377\000F\000u\000n\000c\000t\000i\000o\000n\000\040\000D\000e\000c\000l\000a\000r\000a\000t\000i\000o\000n\000s}{section.0.4}% 35
\BOOKMARK [2][-]{subsection.0.4.4}{\376\377\000S\000c\000o\000p\000e\000s\000,\000\040\000V\000a\000r\000i\000a\000b\000l\000e\000\040\000\050\000o\000r\000\040\000F\000o\000r\000m\000a\000l\000\040\000P\000a\000r\000a\000m\000e\000t\000e\000r\000\051\000\040\000D\000e\000c\000l\000a\000r\000a\000t\000i\000o\000n\000s\000\040\000\046\000\040\000V\000a\000r\000i\000a\000b\000l\000e\000\040\000A\000c\000c\000e\000s\000s\000e\000s}{section.0.4}% 36
\BOOKMARK [2][-]{subsection.0.4.5}{\376\377\000P\000r\000o\000p\000e\000r\000l\000y\000\040\000C\000l\000o\000s\000i\000n\000g\000\040\000S\000c\000o\000p\000e\000s\000\040\000i\000n\000\040\000F\000u\000n\000c\000t\000i\000o\000n\000\040\000D\000e\000c\000l\000a\000r\000a\000t\000i\000o\000n\000s}{section.0.4}% 37
\BOOKMARK [2][-]{subsection.0.4.6}{\376\377\000A\000s\000s\000i\000g\000n\000m\000e\000n\000t\000s}{section.0.4}% 38
\BOOKMARK [2][-]{subsection.0.4.7}{\376\377\000E\000x\000p\000r\000e\000s\000s\000i\000o\000n\000s}{section.0.4}% 39
\BOOKMARK [3][-]{section*.35}{\376\377\000T\000y\000p\000e\000\040\000S\000p\000e\000c\000i\000f\000i\000c\000\040\000V\000M\000\040\000C\000o\000d\000e}{subsection.0.4.7}% 40
\BOOKMARK [3][-]{section*.36}{\376\377\000F\000u\000n\000c\000t\000i\000o\000n\000\040\000C\000a\000l\000l\000s}{subsection.0.4.7}% 41
\BOOKMARK [2][-]{subsection.0.4.8}{\376\377\000B\000r\000a\000n\000c\000h\000i\000n\000g}{section.0.4}% 42
\BOOKMARK [1][-]{section.0.5}{\376\377\000A\000r\000r\000a\000y\000s}{chapter*.3}% 43
\BOOKMARK [2][-]{subsection.0.5.1}{\376\377\000C\000h\000a\000n\000g\000e\000s\000\040\000i\000n\000\040\000L\000e\000x\000i\000c\000a\000l\000\040\000A\000n\000a\000l\000y\000s\000i\000s}{section.0.5}% 44
\BOOKMARK [2][-]{subsection.0.5.2}{\376\377\000C\000h\000a\000n\000g\000e\000s\000\040\000i\000n\000\040\000P\000a\000r\000s\000i\000n\000g}{section.0.5}% 45
\BOOKMARK [2][-]{subsection.0.5.3}{\376\377\000C\000h\000a\000n\000g\000e\000s\000\040\000i\000n\000\040\000S\000e\000m\000a\000n\000t\000i\000c\000\040\000A\000n\000a\000l\000y\000s\000i\000s}{section.0.5}% 46
\BOOKMARK [2][-]{subsection.0.5.4}{\376\377\000C\000h\000a\000n\000g\000e\000s\000\040\000i\000n\000\040\000C\000o\000d\000e\000\040\000G\000e\000n\000e\000r\000a\000t\000i\000o\000n}{section.0.5}% 47
\BOOKMARK [1][-]{section.0.6}{\376\377\000T\000e\000s\000t\000i\000n\000g\000\040\000\046\000\040\000U\000s\000a\000g\000e}{chapter*.3}% 48
\BOOKMARK [2][-]{subsection.0.6.1}{\376\377\000U\000s\000a\000g\000e}{section.0.6}% 49
\BOOKMARK [2][-]{subsection.0.6.2}{\376\377\000T\000h\000e\000\040\000L\000e\000x\000e\000r\000,\000\040\000P\000a\000r\000s\000e\000r\000\040\000\046\000\040\000S\000e\000m\000a\000n\000t\000i\000c\000\040\000A\000n\000a\000l\000y\000s\000e\000r}{section.0.6}% 50
\BOOKMARK [3][-]{section*.38}{\376\377\000L\000e\000x\000i\000c\000a\000l\000\040\000A\000n\000a\000l\000y\000s\000i\000s}{subsection.0.6.2}% 51
\BOOKMARK [3][-]{section*.40}{\376\377\000P\000a\000r\000s\000i\000n\000g}{subsection.0.6.2}% 52
\BOOKMARK [3][-]{section*.43}{\376\377\000S\000e\000m\000a\000n\000t\000i\000c\000\040\000A\000n\000a\000l\000y\000s\000i\000s}{subsection.0.6.2}% 53
\BOOKMARK [2][-]{subsection.0.6.3}{\376\377\000C\000o\000d\000e\000\040\000G\000e\000n\000e\000r\000a\000t\000i\000o\000n}{section.0.6}% 54
\BOOKMARK [2][-]{subsection.0.6.4}{\376\377\000V\000i\000d\000e\000o}{section.0.6}% 55
\BOOKMARK [1][-]{section.0.7}{\376\377\000L\000i\000m\000i\000t\000a\000t\000i\000o\000n\000s}{chapter*.3}% 56
